<?xml version="1.0" encoding="UTF-8"?>
<!-- Generated by org.testng.reporters.JUnitXMLReporter -->
<testsuite ignored="2" hostname="KOCWX21981" failures="0" tests="1" name="Home Loan Department" time="0.066" errors="0" timestamp="2022-10-28T08:57:33 IST">
  <testcase classname="TestNGEx.HomeLoan" name="HomeLoanMobile" time="0.006"/>
  <testcase classname="TestNGEx.HomeLoan" name="HomeLoanAPI" time="0.0">
    <ignored/>
  </testcase> <!-- HomeLoanAPI -->
  <testcase classname="TestNGEx.HomeLoan" name="HomeLoanUI" time="0.0">
    <ignored/>
  </testcase> <!-- HomeLoanUI -->
</testsuite> <!-- Home Loan Department -->
