<?xml version="1.0" encoding="UTF-8"?>
<!-- Generated by org.testng.reporters.JUnitXMLReporter -->
<testsuite ignored="1" hostname="KOCWX21981" failures="0" tests="5" name="Test" time="0.097" errors="0" timestamp="2022-10-28T08:54:47 IST">
  <testcase classname="TestNGEx.HomeLoan" name="HomeLoanAPI" time="0.008"/>
  <testcase classname="TestNGEx.HomeLoan" name="HomeLoanMobile" time="0.001"/>
  <testcase classname="TestNGEx.HomeLoan" name="HomeLoanUI" time="0.001"/>
  <testcase classname="TestNGEx.CarLoan" name="CarLoanAPI" time="0.006"/>
  <testcase classname="TestNGEx.CarLoan" name="CarLoanMobile" time="0.005"/>
  <testcase classname="TestNGEx.CarLoan" name="CarLoanUI" time="0.0">
    <ignored/>
  </testcase> <!-- CarLoanUI -->
</testsuite> <!-- Test -->
