<?xml version="1.0" encoding="UTF-8"?>
<testng-results ignored="1" total="4" passed="3" failed="0" skipped="0">
  <reporter-output>
  </reporter-output>
  <suite started-at="2022-10-28T22:22:58 IST" name="Default suite" finished-at="2022-10-28T22:22:58 IST" duration-ms="102">
    <groups>
      <group name="Smoke">
        <method signature="CarLoan.CarLoanUI()[pri:0, instance:TestNGEx.CarLoan@524d6d96]" name="CarLoanUI" class="TestNGEx.CarLoan"/>
      </group> <!-- Smoke -->
    </groups>
    <test started-at="2022-10-28T22:22:58 IST" name="Default test" finished-at="2022-10-28T22:22:58 IST" duration-ms="102">
      <class name="TestNGEx.CarLoan">
        <test-method signature="CarLoanMobile()[pri:0, instance:TestNGEx.CarLoan@524d6d96]" started-at="2022-10-28T22:22:58 IST" name="CarLoanMobile" finished-at="2022-10-28T22:22:58 IST" duration-ms="17" status="PASS">
          <reporter-output>
          </reporter-output>
        </test-method> <!-- CarLoanMobile -->
        <test-method signature="CarLoanUI()[pri:0, instance:TestNGEx.CarLoan@524d6d96]" started-at="2022-10-28T22:22:58 IST" name="CarLoanUI" finished-at="2022-10-28T22:22:58 IST" duration-ms="1" status="PASS">
          <reporter-output>
          </reporter-output>
        </test-method> <!-- CarLoanUI -->
        <test-method signature="CarLoanAPI()[pri:0, instance:TestNGEx.CarLoan@524d6d96]" started-at="2022-10-28T22:22:58 IST" name="CarLoanAPI" finished-at="2022-10-28T22:22:58 IST" depends-on-methods="TestNGEx.CarLoan.CarLoanMobile" duration-ms="1" status="PASS">
          <reporter-output>
          </reporter-output>
        </test-method> <!-- CarLoanAPI -->
      </class> <!-- TestNGEx.CarLoan -->
    </test> <!-- Default test -->
  </suite> <!-- Default suite -->
</testng-results>
