<?xml version="1.0" encoding="UTF-8"?>
<testng-results ignored="0" total="6" passed="6" failed="0" skipped="0">
  <reporter-output>
  </reporter-output>
  <suite started-at="2022-10-28T09:23:19 IST" name="Loan Departments" finished-at="2022-10-28T09:23:19 IST" duration-ms="93">
    <groups>
    </groups>
    <test started-at="2022-10-28T09:23:19 IST" name="Package Test" finished-at="2022-10-28T09:23:19 IST" duration-ms="93">
      <class name="TestNGEx.CarLoan">
        <test-method signature="CarLoanAPI()[pri:0, instance:TestNGEx.CarLoan@13b13b5d]" started-at="2022-10-28T09:23:19 IST" name="CarLoanAPI" finished-at="2022-10-28T09:23:19 IST" duration-ms="13" status="PASS">
          <reporter-output>
          </reporter-output>
        </test-method> <!-- CarLoanAPI -->
        <test-method signature="CarLoanMobile()[pri:0, instance:TestNGEx.CarLoan@13b13b5d]" started-at="2022-10-28T09:23:19 IST" name="CarLoanMobile" finished-at="2022-10-28T09:23:19 IST" duration-ms="2" status="PASS">
          <reporter-output>
          </reporter-output>
        </test-method> <!-- CarLoanMobile -->
        <test-method signature="CarLoanUI()[pri:0, instance:TestNGEx.CarLoan@13b13b5d]" started-at="2022-10-28T09:23:19 IST" name="CarLoanUI" finished-at="2022-10-28T09:23:19 IST" duration-ms="2" status="PASS">
          <reporter-output>
          </reporter-output>
        </test-method> <!-- CarLoanUI -->
      </class> <!-- TestNGEx.CarLoan -->
      <class name="TestNGEx.HomeLoan">
        <test-method signature="HomeLoanAPI()[pri:0, instance:TestNGEx.HomeLoan@68c72235]" started-at="2022-10-28T09:23:19 IST" name="HomeLoanAPI" finished-at="2022-10-28T09:23:19 IST" duration-ms="2" status="PASS">
          <reporter-output>
          </reporter-output>
        </test-method> <!-- HomeLoanAPI -->
        <test-method signature="HomeLoanMobile()[pri:0, instance:TestNGEx.HomeLoan@68c72235]" started-at="2022-10-28T09:23:19 IST" name="HomeLoanMobile" finished-at="2022-10-28T09:23:19 IST" duration-ms="2" status="PASS">
          <reporter-output>
          </reporter-output>
        </test-method> <!-- HomeLoanMobile -->
        <test-method signature="HomeLoanUI()[pri:0, instance:TestNGEx.HomeLoan@68c72235]" started-at="2022-10-28T09:23:19 IST" name="HomeLoanUI" finished-at="2022-10-28T09:23:19 IST" duration-ms="3" status="PASS">
          <reporter-output>
          </reporter-output>
        </test-method> <!-- HomeLoanUI -->
      </class> <!-- TestNGEx.HomeLoan -->
    </test> <!-- Package Test -->
  </suite> <!-- Loan Departments -->
</testng-results>
