<?xml version="1.0" encoding="UTF-8"?>
<!-- Generated by org.testng.reporters.JUnitXMLReporter -->
<testsuite ignored="0" hostname="KOCWX21981" failures="0" tests="4" name="Default test" time="0.06" errors="0" timestamp="2022-10-31T21:24:15 IST">
  <testcase classname="TestNGEx.DataProviderAnnotation" name="printData" time="0.004"/>
  <testcase classname="TestNGEx.DataProviderAnnotation" name="printData" time="0.0"/>
  <testcase classname="TestNGEx.DataProviderAnnotation" name="printData" time="0.002"/>
  <testcase classname="TestNGEx.DataProviderAnnotation" name="test" time="0.001"/>
</testsuite> <!-- Default test -->
