<?xml version="1.0" encoding="UTF-8"?>
<!-- Generated by org.testng.reporters.JUnitXMLReporter -->
<testsuite ignored="1" hostname="KOCWX21981" failures="0" tests="3" name="Default test" time="0.102" errors="0" timestamp="2022-10-28T22:22:58 IST">
  <testcase classname="TestNGEx.CarLoan" name="CarLoanMobile" time="0.017"/>
  <testcase classname="TestNGEx.CarLoan" name="CarLoanUI" time="0.001"/>
  <testcase classname="TestNGEx.CarLoan" name="CarLoanAPI" time="0.001"/>
  <testcase classname="TestNGEx.CarLoan" name="disableTest" time="0.0">
    <ignored/>
  </testcase> <!-- disableTest -->
</testsuite> <!-- Default test -->
