<?xml version="1.0" encoding="UTF-8"?>
<!-- Generated by org.testng.reporters.JUnitXMLReporter -->
<testsuite ignored="1" hostname="KOCWX21981" failures="0" tests="2" name="Car Loan Department" time="0.007" errors="0" timestamp="2022-10-28T21:38:10 IST">
  <testcase classname="TestNGEx.CarLoan" name="CarLoanAPI" time="0.001"/>
  <testcase classname="TestNGEx.CarLoan" name="CarLoanMobile" time="0.001"/>
  <testcase classname="TestNGEx.CarLoan" name="CarLoanUI" time="0.0">
    <ignored/>
  </testcase> <!-- CarLoanUI -->
</testsuite> <!-- Car Loan Department -->
