<?xml version="1.0" encoding="UTF-8"?>
<!-- Generated by org.testng.reporters.JUnitXMLReporter -->
<testsuite ignored="0" hostname="KOCWX21981" failures="0" tests="6" name="Package Test" time="0.093" errors="0" timestamp="2022-10-28T09:23:20 IST">
  <testcase classname="TestNGEx.CarLoan" name="CarLoanAPI" time="0.013"/>
  <testcase classname="TestNGEx.CarLoan" name="CarLoanMobile" time="0.002"/>
  <testcase classname="TestNGEx.CarLoan" name="CarLoanUI" time="0.002"/>
  <testcase classname="TestNGEx.HomeLoan" name="HomeLoanAPI" time="0.002"/>
  <testcase classname="TestNGEx.HomeLoan" name="HomeLoanMobile" time="0.002"/>
  <testcase classname="TestNGEx.HomeLoan" name="HomeLoanUI" time="0.003"/>
</testsuite> <!-- Package Test -->
